<?xml version="1.0" encoding="UTF-8"?>
<!-- Generated by org.testng.reporters.JUnitReportReporter -->
<testsuite hostname="NODE49" name="com.company.testclasses.GroupTestMaven" tests="1" failures="0" timestamp="6 Nov 2014 08:52:21 GMT" time="19.379" errors="0">
  <testcase name="google" time="19.379" classname="com.company.testclasses.GroupTestMaven"/>
</testsuite> <!-- com.company.testclasses.GroupTestMaven -->
